<?xml version="1.0" encoding="UTF-8"?>
<testng-results ignored="0" total="10" passed="10" failed="0" skipped="0">
  <reporter-output>
  </reporter-output>
  <suite started-at="2022-11-24T00:37:31 IST" name="Suite" finished-at="2022-11-24T00:39:30 IST" duration-ms="118958">
    <groups>
    </groups>
    <test started-at="2022-11-24T00:37:31 IST" name="Test" finished-at="2022-11-24T00:39:30 IST" duration-ms="118958">
      <class name="com.TestLayer.WikiTest">
        <test-method is-config="true" signature="setup()[pri:0, instance:com.TestLayer.WikiTest@740cae06]" started-at="2022-11-24T00:38:59 IST" name="setup" finished-at="2022-11-24T00:39:23 IST" duration-ms="23885" status="PASS">
          <reporter-output>
          </reporter-output>
        </test-method> <!-- setup -->
        <test-method signature="searchonwikipedia()[pri:1, instance:com.TestLayer.WikiTest@740cae06]" started-at="2022-11-24T00:39:23 IST" name="searchonwikipedia" finished-at="2022-11-24T00:39:24 IST" duration-ms="225" status="PASS">
          <reporter-output>
          </reporter-output>
        </test-method> <!-- searchonwikipedia -->
        <test-method signature="clickontheserch()[pri:2, instance:com.TestLayer.WikiTest@740cae06]" started-at="2022-11-24T00:39:24 IST" name="clickontheserch" finished-at="2022-11-24T00:39:27 IST" duration-ms="3120" status="PASS">
          <reporter-output>
          </reporter-output>
        </test-method> <!-- clickontheserch -->
        <test-method signature="clickonpushpalink()[pri:3, instance:com.TestLayer.WikiTest@740cae06]" started-at="2022-11-24T00:39:27 IST" name="clickonpushpalink" finished-at="2022-11-24T00:39:29 IST" duration-ms="2526" status="PASS">
          <reporter-output>
          </reporter-output>
        </test-method> <!-- clickonpushpalink -->
        <test-method signature="validatereleasedate()[pri:4, instance:com.TestLayer.WikiTest@740cae06]" started-at="2022-11-24T00:39:29 IST" name="validatereleasedate" finished-at="2022-11-24T00:39:30 IST" duration-ms="529" status="PASS">
          <reporter-output>
          </reporter-output>
        </test-method> <!-- validatereleasedate -->
        <test-method signature="validatcountry()[pri:5, instance:com.TestLayer.WikiTest@740cae06]" started-at="2022-11-24T00:39:30 IST" name="validatcountry" finished-at="2022-11-24T00:39:30 IST" duration-ms="168" status="PASS">
          <reporter-output>
          </reporter-output>
        </test-method> <!-- validatcountry -->
      </class> <!-- com.TestLayer.WikiTest -->
      <class name="com.TestLayer.ImdbTest">
        <test-method is-config="true" signature="setup()[pri:0, instance:com.TestLayer.ImdbTest@3646a422]" started-at="2022-11-24T00:37:31 IST" name="setup" finished-at="2022-11-24T00:38:20 IST" duration-ms="49358" status="PASS">
          <reporter-output>
          </reporter-output>
        </test-method> <!-- setup -->
        <test-method signature="searchonimdb()[pri:1, instance:com.TestLayer.ImdbTest@3646a422]" started-at="2022-11-24T00:38:21 IST" name="searchonimdb" finished-at="2022-11-24T00:38:24 IST" duration-ms="3491" status="PASS">
          <reporter-output>
          </reporter-output>
        </test-method> <!-- searchonimdb -->
        <test-method signature="clickonthesearchbtn()[pri:2, instance:com.TestLayer.ImdbTest@3646a422]" started-at="2022-11-24T00:38:24 IST" name="clickonthesearchbtn" finished-at="2022-11-24T00:38:59 IST" duration-ms="34535" status="PASS">
          <reporter-output>
          </reporter-output>
        </test-method> <!-- clickonthesearchbtn -->
        <test-method signature="scrolldownatdetails()[pri:3, instance:com.TestLayer.ImdbTest@3646a422]" started-at="2022-11-24T00:38:59 IST" name="scrolldownatdetails" finished-at="2022-11-24T00:38:59 IST" duration-ms="179" status="PASS">
          <reporter-output>
          </reporter-output>
        </test-method> <!-- scrolldownatdetails -->
        <test-method signature="validatereleasedate()[pri:4, instance:com.TestLayer.ImdbTest@3646a422]" started-at="2022-11-24T00:38:59 IST" name="validatereleasedate" finished-at="2022-11-24T00:38:59 IST" duration-ms="346" status="PASS">
          <reporter-output>
          </reporter-output>
        </test-method> <!-- validatereleasedate -->
        <test-method signature="validatecountry()[pri:5, instance:com.TestLayer.ImdbTest@3646a422]" started-at="2022-11-24T00:38:59 IST" name="validatecountry" finished-at="2022-11-24T00:38:59 IST" duration-ms="161" status="PASS">
          <reporter-output>
          </reporter-output>
        </test-method> <!-- validatecountry -->
      </class> <!-- com.TestLayer.ImdbTest -->
    </test> <!-- Test -->
  </suite> <!-- Suite -->
</testng-results>
