<?xml version="1.0" encoding="UTF-8"?>
<!-- Generated by org.testng.reporters.JUnitXMLReporter -->
<testsuite ignored="0" hostname="DESKTOP-L3D2NHT" failures="0" tests="10" name="Test" time="118.958" errors="0" timestamp="2022-11-24T00:39:30 IST">
  <testcase classname="com.TestLayer.ImdbTest" name="searchonimdb" time="3.491"/>
  <testcase classname="com.TestLayer.ImdbTest" name="clickonthesearchbtn" time="34.535"/>
  <testcase classname="com.TestLayer.ImdbTest" name="scrolldownatdetails" time="0.179"/>
  <testcase classname="com.TestLayer.ImdbTest" name="validatereleasedate" time="0.346"/>
  <testcase classname="com.TestLayer.ImdbTest" name="validatecountry" time="0.161"/>
  <testcase classname="com.TestLayer.WikiTest" name="searchonwikipedia" time="0.225"/>
  <testcase classname="com.TestLayer.WikiTest" name="clickontheserch" time="3.12"/>
  <testcase classname="com.TestLayer.WikiTest" name="clickonpushpalink" time="2.526"/>
  <testcase classname="com.TestLayer.WikiTest" name="validatereleasedate" time="0.529"/>
  <testcase classname="com.TestLayer.WikiTest" name="validatcountry" time="0.168"/>
</testsuite> <!-- Test -->
